{"name": "test_verifyLoginText", "status": "broken", "statusDetails": {"message": "selenium.common.exceptions.NoSuchElementException: Message: no such element: Unable to locate element: {\"method\":\"xpath\",\"selector\":\"//h5[text()='Login']\"}\n  (Session info: chrome=131.0.6778.140); For documentation on this error, please visit: https://www.selenium.dev/documentation/webdriver/troubleshooting/errors#no-such-element-exception\nStacktrace:\n\tGetHandleVerifier [0x00007FF71C8D6CC5+28821]\n\t(No symbol) [0x00007FF71C843850]\n\t(No symbol) [0x00007FF71C6E578A]\n\t(No symbol) [0x00007FF71C7391BE]\n\t(No symbol) [0x00007FF71C7394AC]\n\t(No symbol) [0x00007FF71C782647]\n\t(No symbol) [0x00007FF71C75F33F]\n\t(No symbol) [0x00007FF71C77F412]\n\t(No symbol) [0x00007FF71C75F0A3]\n\t(No symbol) [0x00007FF71C72A778]\n\t(No symbol) [0x00007FF71C72B8E1]\n\tGetHandleVerifier [0x00007FF71CC0FCCD+3408029]\n\tGetHandleVerifier [0x00007FF71CC2743F+3504143]\n\tGetHandleVerifier [0x00007FF71CC1B61D+3455469]\n\tGetHandleVerifier [0x00007FF71C99BDCB+835995]\n\t(No symbol) [0x00007FF71C84EB6F]\n\t(No symbol) [0x00007FF71C84A824]\n\t(No symbol) [0x00007FF71C84A9BD]\n\t(No symbol) [0x00007FF71C83A1A9]\n\tBaseThreadInitThunk [0x00007FF988487374+20]\n\tRtlUserThreadStart [0x00007FF9894FCC91+33]", "trace": "self = <allure_tutorial.Example1.Test_OrangeHRM object at 0x00000277930603E0>\n\n    @allure.severity(allure.severity_level.NORMAL)\n    def test_verifyLoginText(self):\n        self.driver = webdriver.Chrome()\n        self.driver.get(\"https://opensource-demo.orangehrmlive.com/web/index.php/auth/login\")\n        self.driver.maximize_window()\n>       actual_text = self.driver.find_element(By.XPATH,\"//h5[text()='Login']\").text\n\nallure_tutorial\\Example1.py:34: \n_ _ _ _ _ _ _ _ _ _ _ _ _ _ _ _ _ _ _ _ _ _ _ _ _ _ _ _ _ _ _ _ _ _ _ _ _ _ _ _ _ _ _ _ _ _ _\nvenv\\Lib\\site-packages\\selenium\\webdriver\\remote\\webdriver.py:748: in find_element\n    return self.execute(Command.FIND_ELEMENT, {\"using\": by, \"value\": value})[\"value\"]\nvenv\\Lib\\site-packages\\selenium\\webdriver\\remote\\webdriver.py:354: in execute\n    self.error_handler.check_response(response)\n_ _ _ _ _ _ _ _ _ _ _ _ _ _ _ _ _ _ _ _ _ _ _ _ _ _ _ _ _ _ _ _ _ _ _ _ _ _ _ _ _ _ _ _ _ _ _\n\nself = <selenium.webdriver.remote.errorhandler.ErrorHandler object at 0x0000027793437C50>\nresponse = {'status': 404, 'value': '{\"value\":{\"error\":\"no such element\",\"message\":\"no such element: Unable to locate element: {\\...07FF71C83A1A9]\\\\n\\\\tBaseThreadInitThunk [0x00007FF988487374+20]\\\\n\\\\tRtlUserThreadStart [0x00007FF9894FCC91+33]\\\\n\"}}'}\n\n    def check_response(self, response: Dict[str, Any]) -> None:\n        \"\"\"Checks that a JSON response from the WebDriver does not have an\n        error.\n    \n        :Args:\n         - response - The JSON response from the WebDriver server as a dictionary\n           object.\n    \n        :Raises: If the response contains an error message.\n        \"\"\"\n        status = response.get(\"status\", None)\n        if not status or status == ErrorCode.SUCCESS:\n            return\n        value = None\n        message = response.get(\"message\", \"\")\n        screen: str = response.get(\"screen\", \"\")\n        stacktrace = None\n        if isinstance(status, int):\n            value_json = response.get(\"value\", None)\n            if value_json and isinstance(value_json, str):\n                import json\n    \n                try:\n                    value = json.loads(value_json)\n                    if len(value) == 1:\n                        value = value[\"value\"]\n                    status = value.get(\"error\", None)\n                    if not status:\n                        status = value.get(\"status\", ErrorCode.UNKNOWN_ERROR)\n                        message = value.get(\"value\") or value.get(\"message\")\n                        if not isinstance(message, str):\n                            value = message\n                            message = message.get(\"message\")\n                    else:\n                        message = value.get(\"message\", None)\n                except ValueError:\n                    pass\n    \n        exception_class: Type[WebDriverException]\n        e = ErrorCode()\n        error_codes = [item for item in dir(e) if not item.startswith(\"__\")]\n        for error_code in error_codes:\n            error_info = getattr(ErrorCode, error_code)\n            if isinstance(error_info, list) and status in error_info:\n                exception_class = getattr(ExceptionMapping, error_code, WebDriverException)\n                break\n        else:\n            exception_class = WebDriverException\n    \n        if not value:\n            value = response[\"value\"]\n        if isinstance(value, str):\n            raise exception_class(value)\n        if message == \"\" and \"message\" in value:\n            message = value[\"message\"]\n    \n        screen = None  # type: ignore[assignment]\n        if \"screen\" in value:\n            screen = value[\"screen\"]\n    \n        stacktrace = None\n        st_value = value.get(\"stackTrace\") or value.get(\"stacktrace\")\n        if st_value:\n            if isinstance(st_value, str):\n                stacktrace = st_value.split(\"\\n\")\n            else:\n                stacktrace = []\n                try:\n                    for frame in st_value:\n                        line = frame.get(\"lineNumber\", \"\")\n                        file = frame.get(\"fileName\", \"<anonymous>\")\n                        if line:\n                            file = f\"{file}:{line}\"\n                        meth = frame.get(\"methodName\", \"<anonymous>\")\n                        if \"className\" in frame:\n                            meth = f\"{frame['className']}.{meth}\"\n                        msg = \"    at %s (%s)\"\n                        msg = msg % (meth, file)\n                        stacktrace.append(msg)\n                except TypeError:\n                    pass\n        if exception_class == UnexpectedAlertPresentException:\n            alert_text = None\n            if \"data\" in value:\n                alert_text = value[\"data\"].get(\"text\")\n            elif \"alert\" in value:\n                alert_text = value[\"alert\"].get(\"text\")\n            raise exception_class(message, screen, stacktrace, alert_text)  # type: ignore[call-arg]  # mypy is not smart enough here\n>       raise exception_class(message, screen, stacktrace)\nE       selenium.common.exceptions.NoSuchElementException: Message: no such element: Unable to locate element: {\"method\":\"xpath\",\"selector\":\"//h5[text()='Login']\"}\nE         (Session info: chrome=131.0.6778.140); For documentation on this error, please visit: https://www.selenium.dev/documentation/webdriver/troubleshooting/errors#no-such-element-exception\nE       Stacktrace:\nE       \tGetHandleVerifier [0x00007FF71C8D6CC5+28821]\nE       \t(No symbol) [0x00007FF71C843850]\nE       \t(No symbol) [0x00007FF71C6E578A]\nE       \t(No symbol) [0x00007FF71C7391BE]\nE       \t(No symbol) [0x00007FF71C7394AC]\nE       \t(No symbol) [0x00007FF71C782647]\nE       \t(No symbol) [0x00007FF71C75F33F]\nE       \t(No symbol) [0x00007FF71C77F412]\nE       \t(No symbol) [0x00007FF71C75F0A3]\nE       \t(No symbol) [0x00007FF71C72A778]\nE       \t(No symbol) [0x00007FF71C72B8E1]\nE       \tGetHandleVerifier [0x00007FF71CC0FCCD+3408029]\nE       \tGetHandleVerifier [0x00007FF71CC2743F+3504143]\nE       \tGetHandleVerifier [0x00007FF71CC1B61D+3455469]\nE       \tGetHandleVerifier [0x00007FF71C99BDCB+835995]\nE       \t(No symbol) [0x00007FF71C84EB6F]\nE       \t(No symbol) [0x00007FF71C84A824]\nE       \t(No symbol) [0x00007FF71C84A9BD]\nE       \t(No symbol) [0x00007FF71C83A1A9]\nE       \tBaseThreadInitThunk [0x00007FF988487374+20]\nE       \tRtlUserThreadStart [0x00007FF9894FCC91+33]\n\nvenv\\Lib\\site-packages\\selenium\\webdriver\\remote\\errorhandler.py:229: NoSuchElementException"}, "start": 1734159469371, "stop": 1734159474170, "uuid": "0a19f4c9-b620-4cfa-bfde-c0b5c95b2a59", "historyId": "01c99a3cdfb453ebfea2f310247530a0", "testCaseId": "01c99a3cdfb453ebfea2f310247530a0", "fullName": "allure_tutorial.Example1.Test_OrangeHRM#test_verifyLoginText", "labels": [{"name": "severity", "value": "normal"}, {"name": "parentSuite", "value": "allure_tutorial"}, {"name": "suite", "value": "Example1"}, {"name": "subSuite", "value": "Test_OrangeHRM"}, {"name": "host", "value": "DESKTOP-UE9RKPH"}, {"name": "thread", "value": "2688-MainThread"}, {"name": "framework", "value": "pytest"}, {"name": "language", "value": "cpython3"}, {"name": "package", "value": "allure_tutorial.Example1"}]}